Arguments: 
  /usr/local/bin/node /usr/local/bin/yarn

PATH: 
  /Users/portepa/anaconda3/bin:/Library/Frameworks/Python.framework/Versions/3.6/bin:/usr/local/bin:/usr/bin:/bin:/usr/sbin:/sbin:/Library/TeX/texbin:/usr/local/share/dotnet:/opt/X11/bin:/Library/Frameworks/Mono.framework/Versions/Current/Commands:/Applications/Wireshark.app/Contents/MacOS:/Users/portepa/javacc/bin:/Users/portepa/bin

Yarn version: 
  1.3.2

Node version: 
  8.9.4

Platform: 
  darwin x64

npm manifest: 
  {
    "name": "onesphere1",
    "version": "1.0.0",
    "main": "index.js",
    "license": "MIT",
    "dependencies": {
      "@hpe/hpe-onesphere-js": "^0.1.3",
      "q": "^1.5.1",
      "request": "^2.83.0",
      "request-promise": "^4.2.2",
      "underscore": "^1.8.3"
    },
    "scripts": {
      "start": "node src/index.js",
    },
    "devDependencies": {
      "eslint": "^4.18.1",
      "eslint-config-airbnb": "^16.1.0",
      "eslint-plugin-import": "^2.8.0"
    }
  }

yarn manifest: 
  No manifest

Lockfile: 
  No lockfile

Trace: 
  SyntaxError: /Users/portepa/development/hpe/onesphere1/package.json: Unexpected token } in JSON at position 310
      at JSON.parse (<anonymous>)
      at /usr/local/lib/node_modules/yarn/lib/cli.js:770:59
      at Generator.next (<anonymous>)
      at step (/usr/local/lib/node_modules/yarn/lib/cli.js:92:30)
      at /usr/local/lib/node_modules/yarn/lib/cli.js:103:13
      at <anonymous>
